<?xml version="1.0" encoding="UTF-8"?>
<!-- Generated by org.testng.reporters.JUnitXMLReporter -->
<testsuite ignored="3" hostname="Whos" failures="0" tests="1" name="OrangeHRM" time="1.092" errors="0" timestamp="2024-01-03T23:00:20 EET">
  <testcase classname="testcases.TestBase" name="@BeforeTest setup" time="-1.704315619163E9">
    <failure type="org.testng.TestNGException" message="
Parameter &amp;apos;browser&amp;apos; is required by BeforeTest on method setup but has not been marked @Optional or defined
in C:\Users\Name\AppData\Local\JetBrains\IdeaIC2023.2\temp-testng-customsuite.xml">
      <![CDATA[org.testng.TestNGException: 
Parameter 'browser' is required by BeforeTest on method setup but has not been marked @Optional or defined
in C:\Users\Name\AppData\Local\JetBrains\IdeaIC2023.2\temp-testng-customsuite.xml
at com.intellij.rt.testng.IDEARemoteTestNG.run(IDEARemoteTestNG.java:66)
at com.intellij.rt.testng.RemoteTestNGStarter.main(RemoteTestNGStarter.java:105)
... Removed 18 stack frames]]>
    </failure>
  </testcase> <!-- @BeforeTest setup -->
  <testcase classname="testcases.TestBase" name="@AfterMethod getResult" time="0.0">
    <skipped/>
  </testcase> <!-- @AfterMethod getResult -->
  <testcase classname="testcases.TestBase" name="@AfterTest close" time="0.0">
    <skipped/>
  </testcase> <!-- @AfterTest close -->
  <testcase classname="testcases.TC01_login" name="loginWithValidUser_P" time="0.0">
    <skipped/>
  </testcase> <!-- loginWithValidUser_P -->
  <testcase classname="testcases.TC01_login" name="loginWithInvalidCredential_N" time="0.0">
    <ignored/>
  </testcase> <!-- loginWithInvalidCredential_N -->
  <testcase classname="testcases.TC01_login" name="loginWithInvalidPassword_N" time="0.0">
    <ignored/>
  </testcase> <!-- loginWithInvalidPassword_N -->
  <testcase classname="testcases.TC01_login" name="loginWithInvalidUser_N" time="0.0">
    <ignored/>
  </testcase> <!-- loginWithInvalidUser_N -->
</testsuite> <!-- OrangeHRM -->
